\BOOKMARK [1][-]{section.1}{Introduction}{}% 1
\BOOKMARK [1][-]{section.2}{Previous Work}{}% 2
\BOOKMARK [1][-]{section.3}{Problem Setup}{}% 3
\BOOKMARK [1][-]{section.4}{Main Results}{}% 4
\BOOKMARK [1][-]{section.5}{Tensor Products of Hilbert Spaces}{}% 5
\BOOKMARK [2][-]{subsection.5.1}{Overview of Tensor Products}{section.5}% 6
\BOOKMARK [2][-]{subsection.5.2}{Tensor Rank}{section.5}% 7
\BOOKMARK [2][-]{subsection.5.3}{Some Results for Tensor Product Spaces}{section.5}% 8
\BOOKMARK [1][-]{section.6}{Proofs of Theorems}{}% 9
\BOOKMARK [1][-]{section.7}{Identifiability and Determinedness of Mixtures of Multinomial Distributions}{}% 10
\BOOKMARK [1][-]{section.8}{Algorithm}{}% 11
\BOOKMARK [1][-]{section.9}{Experiments}{}% 12
\BOOKMARK [2][-]{subsection.9.1}{Proposed Algorithms}{section.9}% 13
\BOOKMARK [2][-]{subsection.9.2}{Competing Algorithms}{section.9}% 14
\BOOKMARK [2][-]{subsection.9.3}{Results}{section.9}% 15
\BOOKMARK [1][-]{section.10}{Discussion}{}% 16
\BOOKMARK [2][-]{subsection.10.1}{Potential Statistical Test and Estimator}{section.10}% 17
\BOOKMARK [2][-]{subsection.10.2}{Identifiability and the Value 2n-1}{section.10}% 18
\BOOKMARK [1][-]{section*.2}{References}{}% 19
\BOOKMARK [1][-]{section*.3}{Author's addresses}{}% 20
